 10-10-2024 08:06:24:991 [pid=404525 tid=404525] ERROR  0:140 unable to load,  liburcu-bp.so.6 

 10-10-2024 08:06:24:992 [pid=404525 tid=404525] ERROR  0:140 unable to load,  liburcu-bp.so.1 

 10-10-2024 08:06:24:993 [pid=404525 tid=404525] WARN   0:168 failed to open /proc/driver/nvidia-fs/devcount  error: No such file or directory
 10-10-2024 08:06:24:993 [pid=404525 tid=404525] NOTICE  cufio-drv:727 running in compatible mode
 10-10-2024 08:06:24:994 [pid=404525 tid=404525] ERROR  cufio-plat:98 cannot open path /sys/bus/pci/devices/0000:01:00.0/resource No such file or directory
 10-10-2024 08:06:24:994 [pid=404525 tid=404525] WARN   cufio-plat:431 GPU index 0 NVIDIA GeForce RTX 3060 Laptop GPU: Model Not Supported
 10-10-2024 08:06:24:994 [pid=404525 tid=404525] WARN   cufio-udev:168 failed in udev device create: /sys/bus/pci/devices/0000:01:00.0
 10-10-2024 08:06:25:82 [pid=404525 tid=404525] ERROR  cufio-topo-udev:431 no device entries present in platform topology
 10-10-2024 08:06:25:83 [pid=404525 tid=404525] ERROR  0:140 unable to load,  libnuma.so.1.0.0 

 10-10-2024 08:06:25:83 [pid=404525 tid=404525] ERROR  0:98 dlopen error libnuma.so.1.0.0: cannot open shared object file: No such file or directory
 10-10-2024 08:15:59:814 [pid=404747 tid=404747] ERROR  0:140 unable to load,  liburcu-bp.so.6 

 10-10-2024 08:15:59:814 [pid=404747 tid=404747] ERROR  0:140 unable to load,  liburcu-bp.so.1 

 10-10-2024 08:15:59:815 [pid=404747 tid=404747] WARN   0:168 failed to open /proc/driver/nvidia-fs/devcount  error: No such file or directory
 10-10-2024 08:15:59:815 [pid=404747 tid=404747] NOTICE  cufio-drv:727 running in compatible mode
 10-10-2024 08:15:59:815 [pid=404747 tid=404747] ERROR  cufio-plat:98 cannot open path /sys/bus/pci/devices/0000:01:00.0/resource No such file or directory
 10-10-2024 08:15:59:815 [pid=404747 tid=404747] WARN   cufio-plat:431 GPU index 0 NVIDIA GeForce RTX 3060 Laptop GPU: Model Not Supported
 10-10-2024 08:15:59:816 [pid=404747 tid=404747] WARN   cufio-udev:168 failed in udev device create: /sys/bus/pci/devices/0000:01:00.0
 10-10-2024 08:15:59:913 [pid=404747 tid=404747] ERROR  cufio-topo-udev:431 no device entries present in platform topology
 10-10-2024 08:15:59:914 [pid=404747 tid=404747] ERROR  0:140 unable to load,  libnuma.so.1.0.0 

 10-10-2024 08:15:59:914 [pid=404747 tid=404747] ERROR  0:98 dlopen error libnuma.so.1.0.0: cannot open shared object file: No such file or directory
